{"level":"info","message":"Servidor rodando na porta 8080","timestamp":"2025-11-04T00:45:08.252Z"}
{"level":"info","message":{"duration":201,"method":"POST","path":"/aulas/lote","statusCode":201},"timestamp":"2025-11-04T01:17:30.758Z"}
{"level":"info","message":{"duration":2831,"method":"POST","path":"/","statusCode":201},"timestamp":"2025-11-04T01:18:25.039Z"}
{"level":"info","message":{"duration":26,"method":"GET","path":"/alunos/","statusCode":404},"timestamp":"2025-11-04T01:22:40.548Z"}
{"level":"info","message":"Servidor rodando na porta 8080","timestamp":"2025-11-04T01:27:10.036Z"}
{"level":"info","message":{"duration":2481,"method":"POST","path":"/","statusCode":201},"timestamp":"2025-11-04T01:27:49.262Z"}
{"level":"info","message":{"duration":79,"method":"GET","path":"/","statusCode":200},"timestamp":"2025-11-04T01:28:47.597Z"}
{"level":"info","message":"Servidor rodando na porta 8080","timestamp":"2025-11-04T01:29:59.533Z"}
{"level":"info","message":"Servidor rodando na porta 8080","timestamp":"2025-11-04T01:41:40.875Z"}
{"level":"info","message":{"duration":287,"method":"GET","path":"/","statusCode":200},"timestamp":"2025-11-04T01:42:06.526Z"}
{"level":"info","message":"Servidor rodando na porta 8080","timestamp":"2025-11-04T01:55:08.990Z"}
{"level":"info","message":{"duration":690,"method":"POST","path":"/","statusCode":401},"timestamp":"2025-11-04T01:56:41.706Z"}
{"level":"info","message":"Servidor rodando na porta 8080","timestamp":"2025-11-04T02:01:06.521Z"}
{"level":"info","message":"Servidor rodando na porta 8080","timestamp":"2025-11-04T02:01:27.517Z"}
{"level":"info","message":{"duration":423,"method":"POST","path":"/","statusCode":401},"timestamp":"2025-11-04T02:01:32.982Z"}
{"level":"info","message":"Servidor rodando na porta 8080","timestamp":"2025-11-04T02:03:01.860Z"}
{"level":"info","message":{"duration":718,"method":"POST","path":"/","statusCode":401},"timestamp":"2025-11-04T02:03:08.414Z"}
{"level":"info","message":{"duration":449,"method":"POST","path":"/","statusCode":401},"timestamp":"2025-11-04T02:04:21.842Z"}
{"level":"info","message":"Servidor rodando na porta 8080","timestamp":"2025-11-04T02:06:15.789Z"}
{"level":"info","message":{"duration":757,"method":"POST","path":"/","statusCode":401},"timestamp":"2025-11-04T02:06:36.913Z"}
{"level":"info","message":"Servidor rodando na porta 8080","timestamp":"2025-11-04T02:08:43.601Z"}
{"level":"info","message":{"duration":677,"method":"POST","path":"/","statusCode":401},"timestamp":"2025-11-04T02:08:50.362Z"}
{"level":"info","message":"Servidor rodando na porta 8080","timestamp":"2025-11-04T02:21:59.968Z"}
{"level":"info","message":{"duration":1050,"method":"POST","path":"/","statusCode":200},"timestamp":"2025-11-04T02:22:13.571Z"}
{"level":"info","message":"Servidor rodando na porta 8080","timestamp":"2025-11-04T12:26:37.947Z"}
{"level":"info","message":{"duration":1652,"method":"GET","path":"/","statusCode":200},"timestamp":"2025-11-04T12:26:41.823Z"}
{"level":"info","message":"Servidor rodando na porta 8080","timestamp":"2025-11-04T13:40:25.051Z"}
{"level":"info","message":{"duration":1124,"method":"GET","path":"/","statusCode":200},"timestamp":"2025-11-04T13:40:46.346Z"}
{"level":"info","message":"Servidor rodando na porta 8080","timestamp":"2025-11-04T14:02:50.497Z"}
{"level":"info","message":{"duration":1117,"method":"GET","path":"/","statusCode":200},"timestamp":"2025-11-04T14:03:04.812Z"}
{"level":"info","message":"Servidor rodando na porta 3000","timestamp":"2025-11-04T14:28:19.455Z"}
{"level":"info","message":"Servidor rodando na porta 8080","timestamp":"2025-11-04T14:28:50.902Z"}
{"level":"info","message":{"duration":1345,"method":"GET","path":"/","statusCode":200},"timestamp":"2025-11-04T14:28:55.885Z"}
{"level":"info","message":"Servidor rodando na porta 8080","timestamp":"2025-11-05T14:07:10.161Z"}
{"level":"info","message":{"duration":492,"method":"GET","path":"/","statusCode":500},"timestamp":"2025-11-05T14:25:34.802Z"}
{"level":"info","message":"Servidor rodando na porta 8080","timestamp":"2025-11-05T14:37:40.043Z"}
{"level":"info","message":{"duration":951,"method":"GET","path":"/","statusCode":500},"timestamp":"2025-11-05T14:37:44.331Z"}
{"level":"info","message":"Servidor rodando na porta 8080","timestamp":"2025-11-05T14:41:26.778Z"}
{"level":"info","message":{"duration":131,"method":"GET","path":"/v1/oportunyfam/atividades","statusCode":500},"timestamp":"2025-11-05T14:41:29.811Z"}
{"level":"info","message":"Servidor rodando na porta 8080","timestamp":"2025-11-05T23:07:26.882Z"}
{"level":"info","message":{"duration":438,"method":"GET","path":"/v1/oportunyfam/atividades","statusCode":500},"timestamp":"2025-11-05T23:07:46.607Z"}
{"level":"info","message":"Servidor rodando na porta 8080","timestamp":"2025-11-06T00:40:08.705Z"}
{"level":"info","message":{"duration":282,"method":"GET","path":"/","statusCode":200},"timestamp":"2025-11-06T00:40:22.813Z"}
{"level":"info","message":"Servidor rodando na porta 8080","timestamp":"2025-11-06T00:49:43.751Z"}
{"level":"info","message":{"duration":232,"method":"GET","path":"/","statusCode":500},"timestamp":"2025-11-06T00:49:48.490Z"}
{"level":"info","message":"Servidor rodando na porta 8080","timestamp":"2025-11-06T00:50:25.669Z"}
{"level":"info","message":{"duration":171,"method":"GET","path":"/","statusCode":200},"timestamp":"2025-11-06T00:50:39.689Z"}
{"level":"info","message":"Servidor rodando na porta 8080","timestamp":"2025-11-06T00:52:10.181Z"}
{"level":"info","message":{"duration":411,"method":"GET","path":"/","statusCode":200},"timestamp":"2025-11-06T00:52:14.589Z"}
{"level":"info","message":{"duration":24,"method":"GET","path":"/","statusCode":200},"timestamp":"2025-11-06T00:52:22.956Z"}
{"level":"info","message":"Servidor rodando na porta 8080","timestamp":"2025-11-06T00:53:29.521Z"}
{"level":"info","message":{"duration":131,"method":"GET","path":"/","statusCode":200},"timestamp":"2025-11-06T00:53:32.911Z"}
{"level":"info","message":"Servidor rodando na porta 8080","timestamp":"2025-11-06T00:54:03.892Z"}
{"level":"info","message":{"duration":526,"method":"GET","path":"/","statusCode":200},"timestamp":"2025-11-06T00:54:07.220Z"}
{"level":"info","message":{"duration":33,"method":"GET","path":"/","statusCode":200},"timestamp":"2025-11-06T00:54:12.821Z"}
{"level":"info","message":"Servidor rodando na porta 8080","timestamp":"2025-11-06T00:55:04.505Z"}
{"level":"info","message":{"duration":120,"method":"GET","path":"/","statusCode":200},"timestamp":"2025-11-06T00:55:08.296Z"}
{"level":"info","message":"Servidor rodando na porta 8080","timestamp":"2025-11-06T00:55:50.212Z"}
{"level":"info","message":{"duration":567,"method":"GET","path":"/","statusCode":200},"timestamp":"2025-11-06T00:56:06.478Z"}
{"level":"info","message":"Servidor rodando na porta 8080","timestamp":"2025-11-06T00:56:26.844Z"}
{"level":"info","message":{"duration":121,"method":"GET","path":"/","statusCode":200},"timestamp":"2025-11-06T00:56:30.485Z"}
{"level":"info","message":{"duration":43,"method":"GET","path":"/","statusCode":200},"timestamp":"2025-11-06T00:57:49.818Z"}
{"level":"info","message":"Servidor rodando na porta 8080","timestamp":"2025-11-06T00:59:02.183Z"}
{"level":"info","message":{"duration":214,"method":"GET","path":"/","statusCode":200},"timestamp":"2025-11-06T00:59:43.436Z"}
{"level":"info","message":{"duration":51,"method":"GET","path":"/","statusCode":200},"timestamp":"2025-11-06T00:59:56.575Z"}
{"level":"info","message":{"duration":2781,"method":"GET","path":"/","statusCode":200},"timestamp":"2025-11-06T01:05:28.994Z"}
{"level":"info","message":"Servidor rodando na porta 8080","timestamp":"2025-11-06T01:15:48.048Z"}
{"level":"info","message":{"duration":487,"method":"GET","path":"/","statusCode":500},"timestamp":"2025-11-06T01:15:58.303Z"}
{"level":"info","message":"Servidor rodando na porta 8080","timestamp":"2025-11-06T01:17:00.762Z"}
{"level":"info","message":{"duration":361,"method":"GET","path":"/","statusCode":200},"timestamp":"2025-11-06T01:17:08.881Z"}
{"level":"info","message":{"duration":57,"method":"GET","path":"/1","statusCode":200},"timestamp":"2025-11-06T01:18:46.077Z"}
{"level":"info","message":"Servidor rodando na porta 8080","timestamp":"2025-11-06T01:43:51.371Z"}
{"level":"info","message":{"duration":28,"method":"GET","path":"/v1/oportunyfam/atividades/instituicao/1","statusCode":404},"timestamp":"2025-11-06T01:43:55.859Z"}
{"level":"info","message":"Servidor rodando na porta 8080","timestamp":"2025-11-06T01:45:02.545Z"}
{"level":"info","message":{"duration":268,"method":"GET","path":"/instituicao/1","statusCode":200},"timestamp":"2025-11-06T01:45:09.750Z"}
{"level":"info","message":{"duration":20,"method":"GET","path":"/instituicao/1","statusCode":200},"timestamp":"2025-11-06T01:47:05.438Z"}
{"level":"info","message":"Servidor rodando na porta 8080","timestamp":"2025-11-06T03:27:59.848Z"}
{"level":"info","message":{"duration":529,"method":"POST","path":"/","statusCode":201},"timestamp":"2025-11-06T03:28:04.598Z"}
{"level":"info","message":{"duration":446,"method":"POST","path":"/aulas/lote","statusCode":201},"timestamp":"2025-11-06T03:34:07.004Z"}
{"level":"info","message":"Servidor rodando na porta 8080","timestamp":"2025-11-07T00:12:21.579Z"}
{"level":"info","message":{"duration":834,"method":"GET","path":"/","statusCode":500},"timestamp":"2025-11-07T00:12:43.675Z"}
{"level":"info","message":"Servidor rodando na porta 8080","timestamp":"2025-11-07T00:21:25.282Z"}
{"level":"info","message":{"duration":729,"method":"GET","path":"/","statusCode":500},"timestamp":"2025-11-07T00:21:29.798Z"}
{"level":"info","message":"Servidor rodando na porta 8080","timestamp":"2025-11-07T00:22:00.586Z"}
{"level":"info","message":{"duration":1715,"method":"GET","path":"/","statusCode":500},"timestamp":"2025-11-07T00:22:06.122Z"}
{"level":"info","message":"Servidor rodando na porta 8080","timestamp":"2025-11-07T00:23:19.703Z"}
{"level":"info","message":{"duration":662,"method":"GET","path":"/","statusCode":500},"timestamp":"2025-11-07T00:23:24.234Z"}
{"level":"info","message":"Servidor rodando na porta 8080","timestamp":"2025-11-07T00:25:16.088Z"}
{"level":"info","message":{"duration":182,"method":"GET","path":"/","statusCode":200},"timestamp":"2025-11-07T00:25:21.945Z"}
{"level":"info","message":{"duration":63,"method":"DELETE","path":"/2","statusCode":500},"timestamp":"2025-11-07T00:25:57.940Z"}
{"level":"info","message":"Servidor rodando na porta 8080","timestamp":"2025-11-07T00:27:43.056Z"}
{"level":"info","message":{"duration":316,"method":"DELETE","path":"/2","statusCode":200},"timestamp":"2025-11-07T00:27:50.106Z"}
{"level":"info","message":{"duration":47,"method":"GET","path":"/","statusCode":200},"timestamp":"2025-11-07T00:27:59.094Z"}
{"level":"info","message":"Servidor rodando na porta 8080","timestamp":"2025-11-07T00:34:32.972Z"}
{"level":"info","message":{"duration":350,"method":"POST","path":"/","statusCode":500},"timestamp":"2025-11-07T00:34:40.304Z"}
{"level":"info","message":"Servidor rodando na porta 8080","timestamp":"2025-11-07T00:40:40.220Z"}
{"level":"info","message":{"duration":3361,"method":"POST","path":"/","statusCode":500},"timestamp":"2025-11-07T00:41:05.819Z"}
{"level":"info","message":"Servidor rodando na porta 8080","timestamp":"2025-11-07T00:49:08.511Z"}
{"level":"info","message":{"duration":295,"method":"POST","path":"/","statusCode":201},"timestamp":"2025-11-07T00:49:19.266Z"}
{"level":"info","message":{"duration":41,"method":"GET","path":"/instituicao/1","statusCode":200},"timestamp":"2025-11-07T00:51:37.858Z"}
